<?xml version="1.0" encoding="UTF-8"?>
<!-- Generated by org.testng.reporters.JUnitReportReporter -->
<testsuite hostname="Desk215" failures="0" tests="1" name="com.APITEST.TESTgetAndpostRequest" time="4.610" errors="0" timestamp="2024-07-05T14:52:29 IST" skipped="0">
  <testcase classname="com.APITEST.TESTgetAndpostRequest" name="POSTRequest" time="4.610"/>
</testsuite> <!-- com.APITEST.TESTgetAndpostRequest -->
