<?xml version="1.0" encoding="UTF-8"?>
<!-- Generated by org.testng.reporters.JUnitReportReporter -->
<testsuite hostname="Desk215" failures="0" tests="1" name="com.APITEST.JSONSchemaValidator" time="3.514" errors="0" timestamp="2024-07-05T16:51:22 IST" skipped="0">
  <testcase classname="com.APITEST.JSONSchemaValidator" name="testGet" time="3.514"/>
</testsuite> <!-- com.APITEST.JSONSchemaValidator -->
