<?xml version="1.0" encoding="UTF-8"?>
<!-- Generated by org.testng.reporters.JUnitReportReporter -->
<testsuite hostname="Desk215" failures="0" tests="1" name="com.APITEST.PutPatchDeleteRequest" time="2.739" errors="0" timestamp="2024-07-05T15:29:16 IST" skipped="0">
  <testcase classname="com.APITEST.PutPatchDeleteRequest" name="DeleteRequest" time="2.739"/>
</testsuite> <!-- com.APITEST.PutPatchDeleteRequest -->
