<?xml version="1.0" encoding="UTF-8"?>
<!-- Generated by org.testng.reporters.JUnitReportReporter -->
<testsuite hostname="Desk215" failures="0" tests="1" name="com.APITEST.FirstTest" time="6.235" errors="0" timestamp="2024-07-05T12:20:15 IST" skipped="0">
  <testcase classname="com.APITEST.FirstTest" name="GETAPITEST2" time="6.235"/>
</testsuite> <!-- com.APITEST.FirstTest -->
